<?xml version="1.0" encoding="UTF-8"?>
<!-- Generated by org.testng.reporters.JUnitReportReporter -->
<testsuite hostname="DESKTOP-Q3PNQQ8" failures="0" tests="2" name="com.banking.testcases.Tc_login_testcase" time="5.638" errors="0" timestamp="2025-07-09T14:32:09 IST" skipped="0">
  <testcase classname="com.banking.testcases.Tc_login_testcase" name="loginTestCase" time="3.546"/>
  <testcase classname="com.banking.testcases.Tc_login_testcase" name="newcustomertestcase" time="2.092"/>
</testsuite> <!-- com.banking.testcases.Tc_login_testcase -->
